<?xml version="1.0" encoding="UTF-8"?>
<testng-results ignored="0" total="1" passed="1" failed="0" skipped="0">
  <reporter-output>
  </reporter-output>
  <suite started-at="2024-05-11T16:14:32 IST" name="Default suite" finished-at="2024-05-11T16:14:33 IST" duration-ms="1182">
    <groups>
    </groups>
    <test started-at="2024-05-11T16:14:32 IST" name="Default test" finished-at="2024-05-11T16:14:33 IST" duration-ms="1182">
      <class name="Practise.SumValidation">
        <test-method signature="sumOfCourses()[pri:0, instance:Practise.SumValidation@e15b7e8]" started-at="2024-05-11T16:14:32 IST" name="sumOfCourses" finished-at="2024-05-11T16:14:33 IST" duration-ms="1142" status="PASS">
          <reporter-output>
          </reporter-output>
        </test-method> <!-- sumOfCourses -->
      </class> <!-- Practise.SumValidation -->
    </test> <!-- Default test -->
  </suite> <!-- Default suite -->
</testng-results>
